# JRE version: OpenJDK Runtime Environment (17.0.6) (build 17.0.6+0-b2043.56-10027231)
# Java VM: OpenJDK 64-Bit Server VM (17.0.6+0-b2043.56-10027231, mixed mode, tiered, compressed oops, compressed class ptrs, g1 gc, windows-amd64)
GC Precious Log:
 CPUs: 12 total, 12 available
 Memory: 16163M
 Large Page Support: Disabled
 NUMA Support: Disabled
 Compressed Oops: Enabled (32-bit)
 Heap Region Size: 1M
 Heap Min Capacity: 8M
 Heap Initial Capacity: 254M
 Heap Max Capacity: 2G
 Pre-touch: Disabled
 Parallel Workers: 10
 Concurrent Workers: 3
 Concurrent Refinement Workers: 10
 Periodic GC: Disabled
Heap:
 garbage-first heap   total 296960K, used 157602K [0x0000000080000000, 0x0000000100000000)
  region size 1024K, 3 young (3072K), 3 survivors (3072K)
 Metaspace       used 108799K, committed 109568K, reserved 1146880K
  class space    used 14539K, committed 14912K, reserved 1048576K
GC Heap History (20 events):
Event: 7.744 GC heap after
{Heap after GC invocations=32 (full 0):
 garbage-first heap   total 148480K, used 78231K [0x0000000080000000, 0x0000000100000000)
  region size 1024K, 6 young (6144K), 6 survivors (6144K)
 Metaspace       used 88622K, committed 89216K, reserved 1130496K
  class space    used 12193K, committed 12480K, reserved 1048576K
}
Event: 7.750 GC heap before
{Heap before GC invocations=32 (full 0):
 garbage-first heap   total 148480K, used 79255K [0x0000000080000000, 0x0000000100000000)
  region size 1024K, 7 young (7168K), 6 survivors (6144K)
 Metaspace       used 88723K, committed 89280K, reserved 1130496K
  class space    used 12222K, committed 12480K, reserved 1048576K
}
Event: 7.753 GC heap after
{Heap after GC invocations=33 (full 0):
 garbage-first heap   total 148480K, used 78526K [0x0000000080000000, 0x0000000100000000)
  region size 1024K, 1 young (1024K), 1 survivors (1024K)
 Metaspace       used 88723K, committed 89280K, reserved 1130496K
  class space    used 12222K, committed 12480K, reserved 1048576K
}
Event: 8.207 GC heap before
{Heap before GC invocations=33 (full 0):
 garbage-first heap   total 148480K, used 119486K [0x0000000080000000, 0x0000000100000000)
  region size 1024K, 41 young (41984K), 1 survivors (1024K)
 Metaspace       used 92907K, committed 93568K, reserved 1130496K
  class space    used 12759K, committed 13056K, reserved 1048576K
}
Event: 8.211 GC heap after
{Heap after GC invocations=34 (full 0):
 garbage-first heap   total 296960K, used 81652K [0x0000000080000000, 0x0000000100000000)
  region size 1024K, 5 young (5120K), 5 survivors (5120K)
 Metaspace       used 92907K, committed 93568K, reserved 1130496K
  class space    used 12759K, committed 13056K, reserved 1048576K
}
Event: 9.008 GC heap before
{Heap before GC invocations=35 (full 0):
 garbage-first heap   total 286720K, used 231156K [0x0000000080000000, 0x0000000100000000)
  region size 1024K, 152 young (155648K), 5 survivors (5120K)
 Metaspace       used 96102K, committed 96832K, reserved 1138688K
  class space    used 13310K, committed 13632K, reserved 1048576K
}
Event: 9.019 GC heap after
{Heap after GC invocations=36 (full 0):
 garbage-first heap   total 286720K, used 98285K [0x0000000080000000, 0x0000000100000000)
  region size 1024K, 19 young (19456K), 19 survivors (19456K)
 Metaspace       used 96102K, committed 96832K, reserved 1138688K
  class space    used 13310K, committed 13632K, reserved 1048576K
}
Event: 9.022 GC heap before
{Heap before GC invocations=36 (full 0):
 garbage-first heap   total 286720K, used 99309K [0x0000000080000000, 0x0000000100000000)
  region size 1024K, 20 young (20480K), 19 survivors (19456K)
 Metaspace       used 96108K, committed 96832K, reserved 1138688K
  class space    used 13310K, committed 13632K, reserved 1048576K
}
Event: 9.029 GC heap after
{Heap after GC invocations=37 (full 0):
 garbage-first heap   total 286720K, used 100765K [0x0000000080000000, 0x0000000100000000)
  region size 1024K, 3 young (3072K), 3 survivors (3072K)
 Metaspace       used 96108K, committed 96832K, reserved 1138688K
  class space    used 13310K, committed 13632K, reserved 1048576K
}
Event: 10.075 GC heap before
{Heap before GC invocations=37 (full 0):
 garbage-first heap   total 286720K, used 221597K [0x0000000080000000, 0x0000000100000000)
  region size 1024K, 112 young (114688K), 3 survivors (3072K)
 Metaspace       used 100211K, committed 100992K, reserved 1138688K
  class space    used 13710K, committed 14080K, reserved 1048576K
}
Event: 10.084 GC heap after
{Heap after GC invocations=38 (full 0):
 garbage-first heap   total 286720K, used 122880K [0x0000000080000000, 0x0000000100000000)
  region size 1024K, 14 young (14336K), 14 survivors (14336K)
 Metaspace       used 100211K, committed 100992K, reserved 1138688K
  class space    used 13710K, committed 14080K, reserved 1048576K
}
Event: 11.011 GC heap before
{Heap before GC invocations=38 (full 0):
 garbage-first heap   total 286720K, used 225280K [0x0000000080000000, 0x0000000100000000)
  region size 1024K, 106 young (108544K), 14 survivors (14336K)
 Metaspace       used 103787K, committed 104576K, reserved 1146880K
  class space    used 14113K, committed 14528K, reserved 1048576K
}
Event: 11.022 GC heap after
{Heap after GC invocations=39 (full 0):
 garbage-first heap   total 286720K, used 138781K [0x0000000080000000, 0x0000000100000000)
  region size 1024K, 14 young (14336K), 14 survivors (14336K)
 Metaspace       used 103787K, committed 104576K, reserved 1146880K
  class space    used 14113K, committed 14528K, reserved 1048576K
}
Event: 11.280 GC heap before
{Heap before GC invocations=39 (full 0):
 garbage-first heap   total 286720K, used 180765K [0x0000000080000000, 0x0000000100000000)
  region size 1024K, 36 young (36864K), 14 survivors (14336K)
 Metaspace       used 103972K, committed 104768K, reserved 1146880K
  class space    used 14128K, committed 14528K, reserved 1048576K
}
Event: 11.288 GC heap after
{Heap after GC invocations=40 (full 0):
 garbage-first heap   total 286720K, used 150582K [0x0000000080000000, 0x0000000100000000)
  region size 1024K, 7 young (7168K), 7 survivors (7168K)
 Metaspace       used 103972K, committed 104768K, reserved 1146880K
  class space    used 14128K, committed 14528K, reserved 1048576K
}
Event: 11.547 GC heap before
{Heap before GC invocations=40 (full 0):
 garbage-first heap   total 286720K, used 230454K [0x0000000080000000, 0x0000000100000000)
  region size 1024K, 82 young (83968K), 7 survivors (7168K)
 Metaspace       used 107108K, committed 107904K, reserved 1146880K
  class space    used 14417K, committed 14784K, reserved 1048576K
}
Event: 11.554 GC heap after
{Heap after GC invocations=41 (full 0):
 garbage-first heap   total 286720K, used 154424K [0x0000000080000000, 0x0000000100000000)
  region size 1024K, 11 young (11264K), 11 survivors (11264K)
 Metaspace       used 107108K, committed 107904K, reserved 1146880K
  class space    used 14417K, committed 14784K, reserved 1048576K
}
Event: 11.766 GC heap before
{Heap before GC invocations=41 (full 0):
 garbage-first heap   total 286720K, used 225080K [0x0000000080000000, 0x0000000100000000)
  region size 1024K, 81 young (82944K), 11 survivors (11264K)
 Metaspace       used 108703K, committed 109440K, reserved 1146880K
  class space    used 14538K, committed 14912K, reserved 1048576K
}
Event: 11.771 GC heap after
{Heap after GC invocations=42 (full 0):
 garbage-first heap   total 286720K, used 157978K [0x0000000080000000, 0x0000000100000000)
  region size 1024K, 4 young (4096K), 4 survivors (4096K)
 Metaspace       used 108703K, committed 109440K, reserved 1146880K
  class space    used 14538K, committed 14912K, reserved 1048576K
}
Event: 11.821 GC heap before
{Heap before GC invocations=42 (full 0):
 garbage-first heap   total 286720K, used 185626K [0x0000000080000000, 0x0000000100000000)
  region size 1024K, 21 young (21504K), 4 survivors (4096K)
 Metaspace       used 108799K, committed 109568K, reserved 1146880K
  class space    used 14539K, committed 14912K, reserved 1048576K
}

