# JRE version: OpenJDK Runtime Environment (17.0.6) (build 17.0.6+0-b2043.56-10027231)
# Java VM: OpenJDK 64-Bit Server VM (17.0.6+0-b2043.56-10027231, mixed mode, tiered, compressed oops, compressed class ptrs, g1 gc, windows-amd64)
GC Precious Log:
 CPUs: 12 total, 12 available
 Memory: 16163M
 Large Page Support: Disabled
 NUMA Support: Disabled
 Compressed Oops: Enabled (32-bit)
 Heap Region Size: 1M
 Heap Min Capacity: 8M
 Heap Initial Capacity: 254M
 Heap Max Capacity: 2G
 Pre-touch: Disabled
 Parallel Workers: 10
 Concurrent Workers: 3
 Concurrent Refinement Workers: 10
 Periodic GC: Disabled
Heap:
 garbage-first heap   total 260096K, used 138360K [0x0000000080000000, 0x0000000100000000)
  region size 1024K, 4 young (4096K), 4 survivors (4096K)
 Metaspace       used 109953K, committed 110720K, reserved 1146880K
  class space    used 14825K, committed 15168K, reserved 1048576K
GC Heap History (20 events):
Event: 9.519 GC heap after
{Heap after GC invocations=28 (full 0):
 garbage-first heap   total 198656K, used 85045K [0x0000000080000000, 0x0000000100000000)
  region size 1024K, 9 young (9216K), 9 survivors (9216K)
 Metaspace       used 99212K, committed 99840K, reserved 1138688K
  class space    used 13536K, committed 13824K, reserved 1048576K
}
Event: 10.043 GC heap before
{Heap before GC invocations=28 (full 0):
 garbage-first heap   total 198656K, used 150581K [0x0000000080000000, 0x0000000100000000)
  region size 1024K, 73 young (74752K), 9 survivors (9216K)
 Metaspace       used 101263K, committed 101952K, reserved 1138688K
  class space    used 13900K, committed 14208K, reserved 1048576K
}
Event: 10.051 GC heap after
{Heap after GC invocations=29 (full 0):
 garbage-first heap   total 198656K, used 93989K [0x0000000080000000, 0x0000000100000000)
  region size 1024K, 9 young (9216K), 9 survivors (9216K)
 Metaspace       used 101263K, committed 101952K, reserved 1138688K
  class space    used 13900K, committed 14208K, reserved 1048576K
}
Event: 10.350 GC heap before
{Heap before GC invocations=29 (full 0):
 garbage-first heap   total 198656K, used 151333K [0x0000000080000000, 0x0000000100000000)
  region size 1024K, 66 young (67584K), 9 survivors (9216K)
 Metaspace       used 101861K, committed 102592K, reserved 1138688K
  class space    used 13997K, committed 14336K, reserved 1048576K
}
Event: 10.356 GC heap after
{Heap after GC invocations=30 (full 0):
 garbage-first heap   total 198656K, used 98822K [0x0000000080000000, 0x0000000100000000)
  region size 1024K, 5 young (5120K), 5 survivors (5120K)
 Metaspace       used 101861K, committed 102592K, reserved 1138688K
  class space    used 13997K, committed 14336K, reserved 1048576K
}
Event: 10.488 GC heap before
{Heap before GC invocations=30 (full 0):
 garbage-first heap   total 198656K, used 119302K [0x0000000080000000, 0x0000000100000000)
  region size 1024K, 27 young (27648K), 5 survivors (5120K)
 Metaspace       used 102242K, committed 102976K, reserved 1138688K
  class space    used 14067K, committed 14400K, reserved 1048576K
}
Event: 10.491 GC heap after
{Heap after GC invocations=31 (full 0):
 garbage-first heap   total 198656K, used 100872K [0x0000000080000000, 0x0000000100000000)
  region size 1024K, 3 young (3072K), 3 survivors (3072K)
 Metaspace       used 102242K, committed 102976K, reserved 1138688K
  class space    used 14067K, committed 14400K, reserved 1048576K
}
Event: 11.029 GC heap before
{Heap before GC invocations=32 (full 0):
 garbage-first heap   total 198656K, used 154120K [0x0000000080000000, 0x0000000100000000)
  region size 1024K, 52 young (53248K), 3 survivors (3072K)
 Metaspace       used 105914K, committed 106688K, reserved 1146880K
  class space    used 14462K, committed 14848K, reserved 1048576K
}
Event: 11.037 GC heap after
{Heap after GC invocations=33 (full 0):
 garbage-first heap   total 198656K, used 120678K [0x0000000080000000, 0x0000000100000000)
  region size 1024K, 7 young (7168K), 7 survivors (7168K)
 Metaspace       used 105914K, committed 106688K, reserved 1146880K
  class space    used 14462K, committed 14848K, reserved 1048576K
}
Event: 11.049 GC heap before
{Heap before GC invocations=33 (full 0):
 garbage-first heap   total 198656K, used 121702K [0x0000000080000000, 0x0000000100000000)
  region size 1024K, 9 young (9216K), 7 survivors (7168K)
 Metaspace       used 105937K, committed 106688K, reserved 1146880K
  class space    used 14463K, committed 14848K, reserved 1048576K
}
Event: 11.053 GC heap after
{Heap after GC invocations=34 (full 0):
 garbage-first heap   total 238592K, used 122652K [0x0000000080000000, 0x0000000100000000)
  region size 1024K, 2 young (2048K), 2 survivors (2048K)
 Metaspace       used 105937K, committed 106688K, reserved 1146880K
  class space    used 14463K, committed 14848K, reserved 1048576K
}
Event: 11.356 GC heap before
{Heap before GC invocations=34 (full 0):
 garbage-first heap   total 238592K, used 207644K [0x0000000080000000, 0x0000000100000000)
  region size 1024K, 52 young (53248K), 2 survivors (2048K)
 Metaspace       used 106286K, committed 107008K, reserved 1146880K
  class space    used 14495K, committed 14848K, reserved 1048576K
}
Event: 11.359 GC heap after
{Heap after GC invocations=35 (full 0):
 garbage-first heap   total 238592K, used 125803K [0x0000000080000000, 0x0000000100000000)
  region size 1024K, 5 young (5120K), 5 survivors (5120K)
 Metaspace       used 106286K, committed 107008K, reserved 1146880K
  class space    used 14495K, committed 14848K, reserved 1048576K
}
Event: 11.721 GC heap before
{Heap before GC invocations=36 (full 0):
 garbage-first heap   total 238592K, used 178027K [0x0000000080000000, 0x0000000100000000)
  region size 1024K, 57 young (58368K), 5 survivors (5120K)
 Metaspace       used 108574K, committed 109312K, reserved 1146880K
  class space    used 14733K, committed 15040K, reserved 1048576K
}
Event: 11.727 GC heap after
{Heap after GC invocations=37 (full 0):
 garbage-first heap   total 238592K, used 130668K [0x0000000080000000, 0x0000000100000000)
  region size 1024K, 8 young (8192K), 8 survivors (8192K)
 Metaspace       used 108574K, committed 109312K, reserved 1146880K
  class space    used 14733K, committed 15040K, reserved 1048576K
}
Event: 11.736 GC heap before
{Heap before GC invocations=37 (full 0):
 garbage-first heap   total 238592K, used 133740K [0x0000000080000000, 0x0000000100000000)
  region size 1024K, 11 young (11264K), 8 survivors (8192K)
 Metaspace       used 108586K, committed 109312K, reserved 1146880K
  class space    used 14733K, committed 15040K, reserved 1048576K
}
Event: 11.740 GC heap after
{Heap after GC invocations=38 (full 0):
 garbage-first heap   total 238592K, used 130977K [0x0000000080000000, 0x0000000100000000)
  region size 1024K, 2 young (2048K), 2 survivors (2048K)
 Metaspace       used 108586K, committed 109312K, reserved 1146880K
  class space    used 14733K, committed 15040K, reserved 1048576K
}
Event: 11.920 GC heap before
{Heap before GC invocations=38 (full 0):
 garbage-first heap   total 238592K, used 182177K [0x0000000080000000, 0x0000000100000000)
  region size 1024K, 53 young (54272K), 2 survivors (2048K)
 Metaspace       used 108925K, committed 109632K, reserved 1146880K
  class space    used 14751K, committed 15104K, reserved 1048576K
}
Event: 11.923 GC heap after
{Heap after GC invocations=39 (full 0):
 garbage-first heap   total 238592K, used 134603K [0x0000000080000000, 0x0000000100000000)
  region size 1024K, 5 young (5120K), 5 survivors (5120K)
 Metaspace       used 108925K, committed 109632K, reserved 1146880K
  class space    used 14751K, committed 15104K, reserved 1048576K
}
Event: 12.059 GC heap before
{Heap before GC invocations=39 (full 0):
 garbage-first heap   total 238592K, used 186827K [0x0000000080000000, 0x0000000100000000)
  region size 1024K, 57 young (58368K), 5 survivors (5120K)
 Metaspace       used 109953K, committed 110720K, reserved 1146880K
  class space    used 14825K, committed 15168K, reserved 1048576K
}

