# JRE version: OpenJDK Runtime Environment (17.0.6) (build 17.0.6+0-b2043.56-10027231)
# Java VM: OpenJDK 64-Bit Server VM (17.0.6+0-b2043.56-10027231, mixed mode, tiered, compressed oops, compressed class ptrs, g1 gc, windows-amd64)
GC Precious Log:
 CPUs: 12 total, 12 available
 Memory: 16163M
 Large Page Support: Disabled
 NUMA Support: Disabled
 Compressed Oops: Enabled (32-bit)
 Heap Region Size: 1M
 Heap Min Capacity: 8M
 Heap Initial Capacity: 254M
 Heap Max Capacity: 2G
 Pre-touch: Disabled
 Parallel Workers: 10
 Concurrent Workers: 3
 Concurrent Refinement Workers: 10
 Periodic GC: Disabled
Heap:
 garbage-first heap   total 260096K, used 194525K [0x0000000080000000, 0x0000000100000000)
  region size 1024K, 7 young (7168K), 5 survivors (5120K)
 Metaspace       used 120839K, committed 121728K, reserved 1155072K
  class space    used 16912K, committed 17344K, reserved 1048576K
GC Heap History (20 events):
Event: 10.654 GC heap before
{Heap before GC invocations=37 (full 0):
 garbage-first heap   total 157696K, used 127057K [0x0000000080000000, 0x0000000100000000)
  region size 1024K, 34 young (34816K), 1 survivors (1024K)
 Metaspace       used 96045K, committed 96768K, reserved 1138688K
  class space    used 13253K, committed 13568K, reserved 1048576K
}
Event: 10.658 GC heap after
{Heap after GC invocations=38 (full 0):
 garbage-first heap   total 189440K, used 99034K [0x0000000080000000, 0x0000000100000000)
  region size 1024K, 5 young (5120K), 5 survivors (5120K)
 Metaspace       used 96045K, committed 96768K, reserved 1138688K
  class space    used 13253K, committed 13568K, reserved 1048576K
}
Event: 10.834 GC heap before
{Heap before GC invocations=38 (full 0):
 garbage-first heap   total 189440K, used 147162K [0x0000000080000000, 0x0000000100000000)
  region size 1024K, 53 young (54272K), 5 survivors (5120K)
 Metaspace       used 96308K, committed 96960K, reserved 1138688K
  class space    used 13266K, committed 13568K, reserved 1048576K
}
Event: 10.837 GC heap after
{Heap after GC invocations=39 (full 0):
 garbage-first heap   total 189440K, used 102274K [0x0000000080000000, 0x0000000100000000)
  region size 1024K, 5 young (5120K), 5 survivors (5120K)
 Metaspace       used 96308K, committed 96960K, reserved 1138688K
  class space    used 13266K, committed 13568K, reserved 1048576K
}
Event: 11.119 GC heap before
{Heap before GC invocations=39 (full 0):
 garbage-first heap   total 189440K, used 149378K [0x0000000080000000, 0x0000000100000000)
  region size 1024K, 52 young (53248K), 5 survivors (5120K)
 Metaspace       used 96746K, committed 97408K, reserved 1138688K
  class space    used 13305K, committed 13632K, reserved 1048576K
}
Event: 11.124 GC heap after
{Heap after GC invocations=40 (full 0):
 garbage-first heap   total 189440K, used 105860K [0x0000000080000000, 0x0000000100000000)
  region size 1024K, 6 young (6144K), 6 survivors (6144K)
 Metaspace       used 96746K, committed 97408K, reserved 1138688K
  class space    used 13305K, committed 13632K, reserved 1048576K
}
Event: 11.337 GC heap before
{Heap before GC invocations=40 (full 0):
 garbage-first heap   total 189440K, used 150916K [0x0000000080000000, 0x0000000100000000)
  region size 1024K, 51 young (52224K), 6 survivors (6144K)
 Metaspace       used 97020K, committed 97664K, reserved 1138688K
  class space    used 13320K, committed 13632K, reserved 1048576K
}
Event: 11.341 GC heap after
{Heap after GC invocations=41 (full 0):
 garbage-first heap   total 189440K, used 110228K [0x0000000080000000, 0x0000000100000000)
  region size 1024K, 6 young (6144K), 6 survivors (6144K)
 Metaspace       used 97020K, committed 97664K, reserved 1138688K
  class space    used 13320K, committed 13632K, reserved 1048576K
}
Event: 11.562 GC heap before
{Heap before GC invocations=41 (full 0):
 garbage-first heap   total 189440K, used 153236K [0x0000000080000000, 0x0000000100000000)
  region size 1024K, 49 young (50176K), 6 survivors (6144K)
 Metaspace       used 97235K, committed 97856K, reserved 1138688K
  class space    used 13345K, committed 13632K, reserved 1048576K
}
Event: 11.567 GC heap after
{Heap after GC invocations=42 (full 0):
 garbage-first heap   total 227328K, used 113180K [0x0000000080000000, 0x0000000100000000)
  region size 1024K, 5 young (5120K), 5 survivors (5120K)
 Metaspace       used 97235K, committed 97856K, reserved 1138688K
  class space    used 13345K, committed 13632K, reserved 1048576K
}
Event: 12.385 GC heap before
{Heap before GC invocations=42 (full 0):
 garbage-first heap   total 227328K, used 181788K [0x0000000080000000, 0x0000000100000000)
  region size 1024K, 73 young (74752K), 5 survivors (5120K)
 Metaspace       used 100588K, committed 101312K, reserved 1138688K
  class space    used 13797K, committed 14144K, reserved 1048576K
}
Event: 12.389 GC heap after
{Heap after GC invocations=43 (full 0):
 garbage-first heap   total 227328K, used 117659K [0x0000000080000000, 0x0000000100000000)
  region size 1024K, 10 young (10240K), 10 survivors (10240K)
 Metaspace       used 100588K, committed 101312K, reserved 1138688K
  class space    used 13797K, committed 14144K, reserved 1048576K
}
Event: 18.199 GC heap before
{Heap before GC invocations=43 (full 0):
 garbage-first heap   total 227328K, used 182171K [0x0000000080000000, 0x0000000100000000)
  region size 1024K, 74 young (75776K), 10 survivors (10240K)
 Metaspace       used 102290K, committed 103040K, reserved 1138688K
  class space    used 14063K, committed 14400K, reserved 1048576K
}
Event: 18.205 GC heap after
{Heap after GC invocations=44 (full 0):
 garbage-first heap   total 227328K, used 120819K [0x0000000080000000, 0x0000000100000000)
  region size 1024K, 6 young (6144K), 6 survivors (6144K)
 Metaspace       used 102290K, committed 103040K, reserved 1138688K
  class space    used 14063K, committed 14400K, reserved 1048576K
}
Event: 18.930 GC heap before
{Heap before GC invocations=44 (full 0):
 garbage-first heap   total 227328K, used 185331K [0x0000000080000000, 0x0000000100000000)
  region size 1024K, 69 young (70656K), 6 survivors (6144K)
 Metaspace       used 110441K, committed 111360K, reserved 1146880K
  class space    used 15155K, committed 15616K, reserved 1048576K
}
Event: 18.935 GC heap after
{Heap after GC invocations=45 (full 0):
 garbage-first heap   total 227328K, used 124099K [0x0000000080000000, 0x0000000100000000)
  region size 1024K, 4 young (4096K), 4 survivors (4096K)
 Metaspace       used 110441K, committed 111360K, reserved 1146880K
  class space    used 15155K, committed 15616K, reserved 1048576K
}
Event: 20.173 GC heap before
{Heap before GC invocations=45 (full 0):
 garbage-first heap   total 227328K, used 200899K [0x0000000080000000, 0x0000000100000000)
  region size 1024K, 66 young (67584K), 4 survivors (4096K)
 Metaspace       used 120693K, committed 121600K, reserved 1155072K
  class space    used 16890K, committed 17344K, reserved 1048576K
}
Event: 20.178 GC heap after
{Heap after GC invocations=46 (full 0):
 garbage-first heap   total 227328K, used 127629K [0x0000000080000000, 0x0000000100000000)
  region size 1024K, 8 young (8192K), 8 survivors (8192K)
 Metaspace       used 120693K, committed 121600K, reserved 1155072K
  class space    used 16890K, committed 17344K, reserved 1048576K
}
Event: 20.185 GC heap before
{Heap before GC invocations=46 (full 0):
 garbage-first heap   total 227328K, used 150157K [0x0000000080000000, 0x0000000100000000)
  region size 1024K, 9 young (9216K), 8 survivors (8192K)
 Metaspace       used 120723K, committed 121600K, reserved 1155072K
  class space    used 16896K, committed 17344K, reserved 1048576K
}
Event: 20.189 GC heap after
{Heap after GC invocations=47 (full 0):
 garbage-first heap   total 227328K, used 150493K [0x0000000080000000, 0x0000000100000000)
  region size 1024K, 5 young (5120K), 5 survivors (5120K)
 Metaspace       used 120723K, committed 121600K, reserved 1155072K
  class space    used 16896K, committed 17344K, reserved 1048576K
}

