# JRE version: OpenJDK Runtime Environment (17.0.6) (build 17.0.6+0-b2043.56-10027231)
# Java VM: OpenJDK 64-Bit Server VM (17.0.6+0-b2043.56-10027231, mixed mode, tiered, compressed oops, compressed class ptrs, g1 gc, windows-amd64)
GC Precious Log:
 CPUs: 4 total, 4 available
 Memory: 16268M
 Large Page Support: Disabled
 NUMA Support: Disabled
 Compressed Oops: Enabled (32-bit)
 Heap Region Size: 1M
 Heap Min Capacity: 8M
 Heap Initial Capacity: 256M
 Heap Max Capacity: 2G
 Pre-touch: Disabled
 Parallel Workers: 4
 Concurrent Workers: 1
 Concurrent Refinement Workers: 4
 Periodic GC: Disabled
Heap:
 garbage-first heap   total 68608K, used 35985K [0x0000000080000000, 0x0000000100000000)
  region size 1024K, 11 young (11264K), 3 survivors (3072K)
 Metaspace       used 43234K, committed 43648K, reserved 1089536K
  class space    used 5672K, committed 5888K, reserved 1048576K
GC Heap History (20 events):
Event: 1.671 GC heap before
{Heap before GC invocations=1 (full 0):
 garbage-first heap   total 262144K, used 21979K [0x0000000080000000, 0x0000000100000000)
  region size 1024K, 17 young (17408K), 2 survivors (2048K)
 Metaspace       used 11088K, committed 11264K, reserved 1064960K
  class space    used 1160K, committed 1280K, reserved 1048576K
}
Event: 1.675 GC heap after
{Heap after GC invocations=2 (full 0):
 garbage-first heap   total 262144K, used 10593K [0x0000000080000000, 0x0000000100000000)
  region size 1024K, 3 young (3072K), 3 survivors (3072K)
 Metaspace       used 11088K, committed 11264K, reserved 1064960K
  class space    used 1160K, committed 1280K, reserved 1048576K
}
Event: 2.246 GC heap before
{Heap before GC invocations=2 (full 0):
 garbage-first heap   total 262144K, used 33121K [0x0000000080000000, 0x0000000100000000)
  region size 1024K, 25 young (25600K), 3 survivors (3072K)
 Metaspace       used 11212K, committed 11456K, reserved 1064960K
  class space    used 1161K, committed 1280K, reserved 1048576K
}
Event: 2.251 GC heap after
{Heap after GC invocations=3 (full 0):
 garbage-first heap   total 262144K, used 12711K [0x0000000080000000, 0x0000000100000000)
  region size 1024K, 3 young (3072K), 3 survivors (3072K)
 Metaspace       used 11212K, committed 11456K, reserved 1064960K
  class space    used 1161K, committed 1280K, reserved 1048576K
}
Event: 4.224 GC heap before
{Heap before GC invocations=3 (full 0):
 garbage-first heap   total 262144K, used 52647K [0x0000000080000000, 0x0000000100000000)
  region size 1024K, 43 young (44032K), 3 survivors (3072K)
 Metaspace       used 21226K, committed 21504K, reserved 1073152K
  class space    used 2572K, committed 2752K, reserved 1048576K
}
Event: 4.234 GC heap after
{Heap after GC invocations=4 (full 0):
 garbage-first heap   total 262144K, used 18523K [0x0000000080000000, 0x0000000100000000)
  region size 1024K, 8 young (8192K), 8 survivors (8192K)
 Metaspace       used 21226K, committed 21504K, reserved 1073152K
  class space    used 2572K, committed 2752K, reserved 1048576K
}
Event: 6.620 GC heap before
{Heap before GC invocations=5 (full 0):
 garbage-first heap   total 68608K, used 51291K [0x0000000080000000, 0x0000000100000000)
  region size 1024K, 40 young (40960K), 8 survivors (8192K)
 Metaspace       used 26274K, committed 26560K, reserved 1073152K
  class space    used 3451K, committed 3584K, reserved 1048576K
}
Event: 6.629 GC heap after
{Heap after GC invocations=6 (full 0):
 garbage-first heap   total 68608K, used 20320K [0x0000000080000000, 0x0000000100000000)
  region size 1024K, 3 young (3072K), 3 survivors (3072K)
 Metaspace       used 26274K, committed 26560K, reserved 1073152K
  class space    used 3451K, committed 3584K, reserved 1048576K
}
Event: 6.688 GC heap before
{Heap before GC invocations=6 (full 0):
 garbage-first heap   total 68608K, used 20320K [0x0000000080000000, 0x0000000100000000)
  region size 1024K, 4 young (4096K), 3 survivors (3072K)
 Metaspace       used 26464K, committed 26752K, reserved 1073152K
  class space    used 3484K, committed 3584K, reserved 1048576K
}
Event: 6.691 GC heap after
{Heap after GC invocations=7 (full 0):
 garbage-first heap   total 68608K, used 20896K [0x0000000080000000, 0x0000000100000000)
  region size 1024K, 1 young (1024K), 1 survivors (1024K)
 Metaspace       used 26464K, committed 26752K, reserved 1073152K
  class space    used 3484K, committed 3584K, reserved 1048576K
}
Event: 7.845 GC heap before
{Heap before GC invocations=7 (full 0):
 garbage-first heap   total 68608K, used 47520K [0x0000000080000000, 0x0000000100000000)
  region size 1024K, 27 young (27648K), 1 survivors (1024K)
 Metaspace       used 30632K, committed 30912K, reserved 1081344K
  class space    used 4163K, committed 4288K, reserved 1048576K
}
Event: 7.848 GC heap after
{Heap after GC invocations=8 (full 0):
 garbage-first heap   total 68608K, used 21951K [0x0000000080000000, 0x0000000100000000)
  region size 1024K, 2 young (2048K), 2 survivors (2048K)
 Metaspace       used 30632K, committed 30912K, reserved 1081344K
  class space    used 4163K, committed 4288K, reserved 1048576K
}
Event: 9.281 GC heap before
{Heap before GC invocations=8 (full 0):
 garbage-first heap   total 68608K, used 49599K [0x0000000080000000, 0x0000000100000000)
  region size 1024K, 29 young (29696K), 2 survivors (2048K)
 Metaspace       used 35329K, committed 35712K, reserved 1081344K
  class space    used 4873K, committed 5056K, reserved 1048576K
}
Event: 9.287 GC heap after
{Heap after GC invocations=9 (full 0):
 garbage-first heap   total 68608K, used 24125K [0x0000000080000000, 0x0000000100000000)
  region size 1024K, 4 young (4096K), 4 survivors (4096K)
 Metaspace       used 35329K, committed 35712K, reserved 1081344K
  class space    used 4873K, committed 5056K, reserved 1048576K
}
Event: 9.369 GC heap before
{Heap before GC invocations=9 (full 0):
 garbage-first heap   total 68608K, used 24125K [0x0000000080000000, 0x0000000100000000)
  region size 1024K, 5 young (5120K), 4 survivors (4096K)
 Metaspace       used 35644K, committed 35968K, reserved 1081344K
  class space    used 4879K, committed 5056K, reserved 1048576K
}
Event: 9.376 GC heap after
{Heap after GC invocations=10 (full 0):
 garbage-first heap   total 68608K, used 24599K [0x0000000080000000, 0x0000000100000000)
  region size 1024K, 1 young (1024K), 1 survivors (1024K)
 Metaspace       used 35644K, committed 35968K, reserved 1081344K
  class space    used 4879K, committed 5056K, reserved 1048576K
}
Event: 10.180 GC heap before
{Heap before GC invocations=11 (full 0):
 garbage-first heap   total 68608K, used 45079K [0x0000000080000000, 0x0000000100000000)
  region size 1024K, 22 young (22528K), 1 survivors (1024K)
 Metaspace       used 40459K, committed 40768K, reserved 1089536K
  class space    used 5361K, committed 5504K, reserved 1048576K
}
Event: 10.185 GC heap after
{Heap after GC invocations=12 (full 0):
 garbage-first heap   total 68608K, used 27457K [0x0000000080000000, 0x0000000100000000)
  region size 1024K, 3 young (3072K), 3 survivors (3072K)
 Metaspace       used 40459K, committed 40768K, reserved 1089536K
  class space    used 5361K, committed 5504K, reserved 1048576K
}
Event: 10.825 GC heap before
{Heap before GC invocations=12 (full 0):
 garbage-first heap   total 68608K, used 51009K [0x0000000080000000, 0x0000000100000000)
  region size 1024K, 24 young (24576K), 3 survivors (3072K)
 Metaspace       used 42401K, committed 42688K, reserved 1089536K
  class space    used 5530K, committed 5632K, reserved 1048576K
}
Event: 10.832 GC heap after
{Heap after GC invocations=13 (full 0):
 garbage-first heap   total 68608K, used 28817K [0x0000000080000000, 0x0000000100000000)
  region size 1024K, 3 young (3072K), 3 survivors (3072K)
 Metaspace       used 42401K, committed 42688K, reserved 1089536K
  class space    used 5530K, committed 5632K, reserved 1048576K
}

