# JRE version: OpenJDK Runtime Environment (17.0.6) (build 17.0.6+0-b2043.56-10027231)
# Java VM: OpenJDK 64-Bit Server VM (17.0.6+0-b2043.56-10027231, mixed mode, tiered, compressed oops, compressed class ptrs, g1 gc, windows-amd64)
GC Precious Log:
 CPUs: 12 total, 12 available
 Memory: 16163M
 Large Page Support: Disabled
 NUMA Support: Disabled
 Compressed Oops: Enabled (32-bit)
 Heap Region Size: 1M
 Heap Min Capacity: 8M
 Heap Initial Capacity: 254M
 Heap Max Capacity: 2G
 Pre-touch: Disabled
 Parallel Workers: 10
 Concurrent Workers: 3
 Concurrent Refinement Workers: 10
 Periodic GC: Disabled
Heap:
 garbage-first heap   total 138240K, used 73559K [0x0000000080000000, 0x0000000100000000)
  region size 1024K, 2 young (2048K), 2 survivors (2048K)
 Metaspace       used 82359K, committed 83008K, reserved 1122304K
  class space    used 11231K, committed 11520K, reserved 1048576K
GC Heap History (20 events):
Event: 5.120 GC heap after
{Heap after GC invocations=20 (full 0):
 garbage-first heap   total 97280K, used 56381K [0x0000000080000000, 0x0000000100000000)
  region size 1024K, 3 young (3072K), 3 survivors (3072K)
 Metaspace       used 64009K, committed 64576K, reserved 1105920K
  class space    used 8520K, committed 8768K, reserved 1048576K
}
Event: 5.121 GC heap before
{Heap before GC invocations=20 (full 0):
 garbage-first heap   total 97280K, used 56381K [0x0000000080000000, 0x0000000100000000)
  region size 1024K, 4 young (4096K), 3 survivors (3072K)
 Metaspace       used 64009K, committed 64576K, reserved 1105920K
  class space    used 8520K, committed 8768K, reserved 1048576K
}
Event: 5.123 GC heap after
{Heap after GC invocations=21 (full 0):
 garbage-first heap   total 97280K, used 56731K [0x0000000080000000, 0x0000000100000000)
  region size 1024K, 1 young (1024K), 1 survivors (1024K)
 Metaspace       used 64009K, committed 64576K, reserved 1105920K
  class space    used 8520K, committed 8768K, reserved 1048576K
}
Event: 5.154 GC heap before
{Heap before GC invocations=22 (full 0):
 garbage-first heap   total 112640K, used 67995K [0x0000000080000000, 0x0000000100000000)
  region size 1024K, 10 young (10240K), 1 survivors (1024K)
 Metaspace       used 64014K, committed 64576K, reserved 1105920K
  class space    used 8520K, committed 8768K, reserved 1048576K
}
Event: 5.156 GC heap after
{Heap after GC invocations=23 (full 0):
 garbage-first heap   total 112640K, used 63279K [0x0000000080000000, 0x0000000100000000)
  region size 1024K, 3 young (3072K), 3 survivors (3072K)
 Metaspace       used 64014K, committed 64576K, reserved 1105920K
  class space    used 8520K, committed 8768K, reserved 1048576K
}
Event: 5.329 GC heap before
{Heap before GC invocations=24 (full 0):
 garbage-first heap   total 114688K, used 84783K [0x0000000080000000, 0x0000000100000000)
  region size 1024K, 22 young (22528K), 3 survivors (3072K)
 Metaspace       used 65828K, committed 66432K, reserved 1114112K
  class space    used 8763K, committed 9024K, reserved 1048576K
}
Event: 5.331 GC heap after
{Heap after GC invocations=25 (full 0):
 garbage-first heap   total 114688K, used 61676K [0x0000000080000000, 0x0000000100000000)
  region size 1024K, 2 young (2048K), 2 survivors (2048K)
 Metaspace       used 65828K, committed 66432K, reserved 1114112K
  class space    used 8763K, committed 9024K, reserved 1048576K
}
Event: 5.530 GC heap before
{Heap before GC invocations=25 (full 0):
 garbage-first heap   total 114688K, used 83180K [0x0000000080000000, 0x0000000100000000)
  region size 1024K, 24 young (24576K), 2 survivors (2048K)
 Metaspace       used 67982K, committed 68480K, reserved 1114112K
  class space    used 9050K, committed 9280K, reserved 1048576K
}
Event: 5.532 GC heap after
{Heap after GC invocations=26 (full 0):
 garbage-first heap   total 138240K, used 63036K [0x0000000080000000, 0x0000000100000000)
  region size 1024K, 2 young (2048K), 2 survivors (2048K)
 Metaspace       used 67982K, committed 68480K, reserved 1114112K
  class space    used 9050K, committed 9280K, reserved 1048576K
}
Event: 5.878 GC heap before
{Heap before GC invocations=27 (full 0):
 garbage-first heap   total 138240K, used 97852K [0x0000000080000000, 0x0000000100000000)
  region size 1024K, 37 young (37888K), 2 survivors (2048K)
 Metaspace       used 72073K, committed 72640K, reserved 1114112K
  class space    used 9613K, committed 9856K, reserved 1048576K
}
Event: 5.881 GC heap after
{Heap after GC invocations=28 (full 0):
 garbage-first heap   total 138240K, used 64654K [0x0000000080000000, 0x0000000100000000)
  region size 1024K, 4 young (4096K), 4 survivors (4096K)
 Metaspace       used 72073K, committed 72640K, reserved 1114112K
  class space    used 9613K, committed 9856K, reserved 1048576K
}
Event: 5.894 GC heap before
{Heap before GC invocations=28 (full 0):
 garbage-first heap   total 138240K, used 65678K [0x0000000080000000, 0x0000000100000000)
  region size 1024K, 6 young (6144K), 4 survivors (4096K)
 Metaspace       used 72340K, committed 72960K, reserved 1114112K
  class space    used 9655K, committed 9920K, reserved 1048576K
}
Event: 5.896 GC heap after
{Heap after GC invocations=29 (full 0):
 garbage-first heap   total 138240K, used 64350K [0x0000000080000000, 0x0000000100000000)
  region size 1024K, 1 young (1024K), 1 survivors (1024K)
 Metaspace       used 72340K, committed 72960K, reserved 1114112K
  class space    used 9655K, committed 9920K, reserved 1048576K
}
Event: 6.204 GC heap before
{Heap before GC invocations=29 (full 0):
 garbage-first heap   total 138240K, used 101214K [0x0000000080000000, 0x0000000100000000)
  region size 1024K, 38 young (38912K), 1 survivors (1024K)
 Metaspace       used 75736K, committed 76352K, reserved 1122304K
  class space    used 10121K, committed 10432K, reserved 1048576K
}
Event: 6.207 GC heap after
{Heap after GC invocations=30 (full 0):
 garbage-first heap   total 138240K, used 68336K [0x0000000080000000, 0x0000000100000000)
  region size 1024K, 5 young (5120K), 5 survivors (5120K)
 Metaspace       used 75736K, committed 76352K, reserved 1122304K
  class space    used 10121K, committed 10432K, reserved 1048576K
}
Event: 6.522 GC heap before
{Heap before GC invocations=31 (full 0):
 garbage-first heap   total 138240K, used 104176K [0x0000000080000000, 0x0000000100000000)
  region size 1024K, 40 young (40960K), 5 survivors (5120K)
 Metaspace       used 78015K, committed 78656K, reserved 1122304K
  class space    used 10434K, committed 10752K, reserved 1048576K
}
Event: 6.527 GC heap after
{Heap after GC invocations=32 (full 0):
 garbage-first heap   total 138240K, used 72036K [0x0000000080000000, 0x0000000100000000)
  region size 1024K, 5 young (5120K), 5 survivors (5120K)
 Metaspace       used 78015K, committed 78656K, reserved 1122304K
  class space    used 10434K, committed 10752K, reserved 1048576K
}
Event: 6.542 GC heap before
{Heap before GC invocations=32 (full 0):
 garbage-first heap   total 138240K, used 73060K [0x0000000080000000, 0x0000000100000000)
  region size 1024K, 6 young (6144K), 5 survivors (5120K)
 Metaspace       used 78127K, committed 78784K, reserved 1122304K
  class space    used 10446K, committed 10752K, reserved 1048576K
}
Event: 6.545 GC heap after
{Heap after GC invocations=33 (full 0):
 garbage-first heap   total 138240K, used 72296K [0x0000000080000000, 0x0000000100000000)
  region size 1024K, 1 young (1024K), 1 survivors (1024K)
 Metaspace       used 78127K, committed 78784K, reserved 1122304K
  class space    used 10446K, committed 10752K, reserved 1048576K
}
Event: 6.990 GC heap before
{Heap before GC invocations=33 (full 0):
 garbage-first heap   total 138240K, used 107112K [0x0000000080000000, 0x0000000100000000)
  region size 1024K, 35 young (35840K), 1 survivors (1024K)
 Metaspace       used 82359K, committed 83008K, reserved 1122304K
  class space    used 11231K, committed 11520K, reserved 1048576K
}

