# JRE version: OpenJDK Runtime Environment (17.0.6) (build 17.0.6+0-b2043.56-10027231)
# Java VM: OpenJDK 64-Bit Server VM (17.0.6+0-b2043.56-10027231, mixed mode, tiered, compressed oops, compressed class ptrs, g1 gc, windows-amd64)
GC Precious Log:
 CPUs: 12 total, 12 available
 Memory: 16163M
 Large Page Support: Disabled
 NUMA Support: Disabled
 Compressed Oops: Enabled (32-bit)
 Heap Region Size: 1M
 Heap Min Capacity: 8M
 Heap Initial Capacity: 254M
 Heap Max Capacity: 2G
 Pre-touch: Disabled
 Parallel Workers: 10
 Concurrent Workers: 3
 Concurrent Refinement Workers: 10
 Periodic GC: Disabled
Heap:
 garbage-first heap   total 212992K, used 83563K [0x0000000080000000, 0x0000000100000000)
  region size 1024K, 10 young (10240K), 4 survivors (4096K)
 Metaspace       used 86776K, committed 87360K, reserved 1130496K
  class space    used 11878K, committed 12160K, reserved 1048576K
GC Heap History (20 events):
Event: 4.207 GC heap before
{Heap before GC invocations=14 (full 0):
 garbage-first heap   total 68608K, used 54795K [0x0000000080000000, 0x0000000100000000)
  region size 1024K, 21 young (21504K), 1 survivors (1024K)
 Metaspace       used 52607K, committed 52992K, reserved 1097728K
  class space    used 7046K, committed 7232K, reserved 1048576K
}
Event: 4.210 GC heap after
{Heap after GC invocations=15 (full 0):
 garbage-first heap   total 68608K, used 36726K [0x0000000080000000, 0x0000000100000000)
  region size 1024K, 3 young (3072K), 3 survivors (3072K)
 Metaspace       used 52607K, committed 52992K, reserved 1097728K
  class space    used 7046K, committed 7232K, reserved 1048576K
}
Event: 4.340 GC heap before
{Heap before GC invocations=16 (full 0):
 garbage-first heap   total 68608K, used 54134K [0x0000000080000000, 0x0000000100000000)
  region size 1024K, 21 young (21504K), 3 survivors (3072K)
 Metaspace       used 52956K, committed 53440K, reserved 1097728K
  class space    used 7094K, committed 7296K, reserved 1048576K
}
Event: 4.343 GC heap after
{Heap after GC invocations=17 (full 0):
 garbage-first heap   total 144384K, used 39567K [0x0000000080000000, 0x0000000100000000)
  region size 1024K, 3 young (3072K), 3 survivors (3072K)
 Metaspace       used 52956K, committed 53440K, reserved 1097728K
  class space    used 7094K, committed 7296K, reserved 1048576K
}
Event: 5.009 GC heap before
{Heap before GC invocations=17 (full 0):
 garbage-first heap   total 144384K, used 116367K [0x0000000080000000, 0x0000000100000000)
  region size 1024K, 69 young (70656K), 3 survivors (3072K)
 Metaspace       used 60430K, committed 60992K, reserved 1105920K
  class space    used 8062K, committed 8320K, reserved 1048576K
}
Event: 5.013 GC heap after
{Heap after GC invocations=18 (full 0):
 garbage-first heap   total 144384K, used 57280K [0x0000000080000000, 0x0000000100000000)
  region size 1024K, 9 young (9216K), 9 survivors (9216K)
 Metaspace       used 60430K, committed 60992K, reserved 1105920K
  class space    used 8062K, committed 8320K, reserved 1048576K
}
Event: 5.665 GC heap before
{Heap before GC invocations=18 (full 0):
 garbage-first heap   total 144384K, used 114624K [0x0000000080000000, 0x0000000100000000)
  region size 1024K, 59 young (60416K), 9 survivors (9216K)
 Metaspace       used 66533K, committed 67072K, reserved 1114112K
  class space    used 8841K, committed 9088K, reserved 1048576K
}
Event: 5.670 GC heap after
{Heap after GC invocations=19 (full 0):
 garbage-first heap   total 144384K, used 63191K [0x0000000080000000, 0x0000000100000000)
  region size 1024K, 6 young (6144K), 6 survivors (6144K)
 Metaspace       used 66533K, committed 67072K, reserved 1114112K
  class space    used 8841K, committed 9088K, reserved 1048576K
}
Event: 6.241 GC heap before
{Heap before GC invocations=19 (full 0):
 garbage-first heap   total 144384K, used 111319K [0x0000000080000000, 0x0000000100000000)
  region size 1024K, 53 young (54272K), 6 survivors (6144K)
 Metaspace       used 72012K, committed 72576K, reserved 1114112K
  class space    used 9600K, committed 9856K, reserved 1048576K
}
Event: 6.245 GC heap after
{Heap after GC invocations=20 (full 0):
 garbage-first heap   total 144384K, used 66671K [0x0000000080000000, 0x0000000100000000)
  region size 1024K, 4 young (4096K), 4 survivors (4096K)
 Metaspace       used 72012K, committed 72576K, reserved 1114112K
  class space    used 9600K, committed 9856K, reserved 1048576K
}
Event: 6.613 GC heap before
{Heap before GC invocations=20 (full 0):
 garbage-first heap   total 144384K, used 114799K [0x0000000080000000, 0x0000000100000000)
  region size 1024K, 51 young (52224K), 4 survivors (4096K)
 Metaspace       used 75809K, committed 76416K, reserved 1122304K
  class space    used 10120K, committed 10432K, reserved 1048576K
}
Event: 6.618 GC heap after
{Heap after GC invocations=21 (full 0):
 garbage-first heap   total 144384K, used 72571K [0x0000000080000000, 0x0000000100000000)
  region size 1024K, 7 young (7168K), 7 survivors (7168K)
 Metaspace       used 75809K, committed 76416K, reserved 1122304K
  class space    used 10120K, committed 10432K, reserved 1048576K
}
Event: 6.861 GC heap before
{Heap before GC invocations=21 (full 0):
 garbage-first heap   total 144384K, used 99195K [0x0000000080000000, 0x0000000100000000)
  region size 1024K, 34 young (34816K), 7 survivors (7168K)
 Metaspace       used 77911K, committed 78528K, reserved 1122304K
  class space    used 10413K, committed 10688K, reserved 1048576K
}
Event: 6.865 GC heap after
{Heap after GC invocations=22 (full 0):
 garbage-first heap   total 144384K, used 74774K [0x0000000080000000, 0x0000000100000000)
  region size 1024K, 3 young (3072K), 3 survivors (3072K)
 Metaspace       used 77911K, committed 78528K, reserved 1122304K
  class space    used 10413K, committed 10688K, reserved 1048576K
}
Event: 7.334 GC heap before
{Heap before GC invocations=23 (full 0):
 garbage-first heap   total 144384K, used 115734K [0x0000000080000000, 0x0000000100000000)
  region size 1024K, 42 young (43008K), 3 survivors (3072K)
 Metaspace       used 82465K, committed 83136K, reserved 1122304K
  class space    used 11260K, committed 11584K, reserved 1048576K
}
Event: 7.336 GC heap after
{Heap after GC invocations=24 (full 0):
 garbage-first heap   total 144384K, used 76436K [0x0000000080000000, 0x0000000100000000)
  region size 1024K, 5 young (5120K), 5 survivors (5120K)
 Metaspace       used 82465K, committed 83136K, reserved 1122304K
  class space    used 11260K, committed 11584K, reserved 1048576K
}
Event: 7.351 GC heap before
{Heap before GC invocations=24 (full 0):
 garbage-first heap   total 144384K, used 78484K [0x0000000080000000, 0x0000000100000000)
  region size 1024K, 7 young (7168K), 5 survivors (5120K)
 Metaspace       used 82573K, committed 83200K, reserved 1122304K
  class space    used 11270K, committed 11584K, reserved 1048576K
}
Event: 7.354 GC heap after
{Heap after GC invocations=25 (full 0):
 garbage-first heap   total 144384K, used 75633K [0x0000000080000000, 0x0000000100000000)
  region size 1024K, 1 young (1024K), 1 survivors (1024K)
 Metaspace       used 82573K, committed 83200K, reserved 1122304K
  class space    used 11270K, committed 11584K, reserved 1048576K
}
Event: 7.793 GC heap before
{Heap before GC invocations=25 (full 0):
 garbage-first heap   total 144384K, used 115569K [0x0000000080000000, 0x0000000100000000)
  region size 1024K, 40 young (40960K), 1 survivors (1024K)
 Metaspace       used 86525K, committed 87168K, reserved 1130496K
  class space    used 11831K, committed 12160K, reserved 1048576K
}
Event: 7.796 GC heap after
{Heap after GC invocations=26 (full 0):
 garbage-first heap   total 212992K, used 78443K [0x0000000080000000, 0x0000000100000000)
  region size 1024K, 4 young (4096K), 4 survivors (4096K)
 Metaspace       used 86525K, committed 87168K, reserved 1130496K
  class space    used 11831K, committed 12160K, reserved 1048576K
}

