# JRE version: OpenJDK Runtime Environment (17.0.6) (build 17.0.6+0-b2043.56-10027231)
# Java VM: OpenJDK 64-Bit Server VM (17.0.6+0-b2043.56-10027231, mixed mode, tiered, compressed oops, compressed class ptrs, g1 gc, windows-amd64)
GC Precious Log:
 CPUs: 12 total, 12 available
 Memory: 16163M
 Large Page Support: Disabled
 NUMA Support: Disabled
 Compressed Oops: Enabled (32-bit)
 Heap Region Size: 1M
 Heap Min Capacity: 8M
 Heap Initial Capacity: 254M
 Heap Max Capacity: 2G
 Pre-touch: Disabled
 Parallel Workers: 10
 Concurrent Workers: 3
 Concurrent Refinement Workers: 10
 Periodic GC: Disabled
Heap:
 garbage-first heap   total 184320K, used 103039K [0x0000000080000000, 0x0000000100000000)
  region size 1024K, 6 young (6144K), 6 survivors (6144K)
 Metaspace       used 96445K, committed 97152K, reserved 1138688K
  class space    used 13358K, committed 13696K, reserved 1048576K
GC Heap History (20 events):
Event: 6.048 GC heap after
{Heap after GC invocations=24 (full 0):
 garbage-first heap   total 141312K, used 67258K [0x0000000080000000, 0x0000000100000000)
  region size 1024K, 6 young (6144K), 6 survivors (6144K)
 Metaspace       used 75723K, committed 76352K, reserved 1122304K
  class space    used 10128K, committed 10432K, reserved 1048576K
}
Event: 6.325 GC heap before
{Heap before GC invocations=24 (full 0):
 garbage-first heap   total 141312K, used 105146K [0x0000000080000000, 0x0000000100000000)
  region size 1024K, 43 young (44032K), 6 survivors (6144K)
 Metaspace       used 77966K, committed 78592K, reserved 1122304K
  class space    used 10435K, committed 10752K, reserved 1048576K
}
Event: 6.329 GC heap after
{Heap after GC invocations=25 (full 0):
 garbage-first heap   total 141312K, used 71619K [0x0000000080000000, 0x0000000100000000)
  region size 1024K, 5 young (5120K), 5 survivors (5120K)
 Metaspace       used 77966K, committed 78592K, reserved 1122304K
  class space    used 10435K, committed 10752K, reserved 1048576K
}
Event: 6.719 GC heap before
{Heap before GC invocations=25 (full 0):
 garbage-first heap   total 141312K, used 107459K [0x0000000080000000, 0x0000000100000000)
  region size 1024K, 40 young (40960K), 5 survivors (5120K)
 Metaspace       used 82241K, committed 82880K, reserved 1122304K
  class space    used 11219K, committed 11520K, reserved 1048576K
}
Event: 6.722 GC heap after
{Heap after GC invocations=26 (full 0):
 garbage-first heap   total 141312K, used 73457K [0x0000000080000000, 0x0000000100000000)
  region size 1024K, 3 young (3072K), 3 survivors (3072K)
 Metaspace       used 82241K, committed 82880K, reserved 1122304K
  class space    used 11219K, committed 11520K, reserved 1048576K
}
Event: 7.123 GC heap before
{Heap before GC invocations=27 (full 0):
 garbage-first heap   total 141312K, used 110321K [0x0000000080000000, 0x0000000100000000)
  region size 1024K, 39 young (39936K), 3 survivors (3072K)
 Metaspace       used 85895K, committed 86464K, reserved 1130496K
  class space    used 11765K, committed 12032K, reserved 1048576K
}
Event: 7.126 GC heap after
{Heap after GC invocations=28 (full 0):
 garbage-first heap   total 169984K, used 76339K [0x0000000080000000, 0x0000000100000000)
  region size 1024K, 5 young (5120K), 5 survivors (5120K)
 Metaspace       used 85895K, committed 86464K, reserved 1130496K
  class space    used 11765K, committed 12032K, reserved 1048576K
}
Event: 7.157 GC heap before
{Heap before GC invocations=28 (full 0):
 garbage-first heap   total 169984K, used 78387K [0x0000000080000000, 0x0000000100000000)
  region size 1024K, 8 young (8192K), 5 survivors (5120K)
 Metaspace       used 86106K, committed 86720K, reserved 1130496K
  class space    used 11790K, committed 12096K, reserved 1048576K
}
Event: 7.160 GC heap after
{Heap after GC invocations=29 (full 0):
 garbage-first heap   total 169984K, used 76598K [0x0000000080000000, 0x0000000100000000)
  region size 1024K, 1 young (1024K), 1 survivors (1024K)
 Metaspace       used 86106K, committed 86720K, reserved 1130496K
  class space    used 11790K, committed 12096K, reserved 1048576K
}
Event: 7.736 GC heap before
{Heap before GC invocations=29 (full 0):
 garbage-first heap   total 169984K, used 131894K [0x0000000080000000, 0x0000000100000000)
  region size 1024K, 55 young (56320K), 1 survivors (1024K)
 Metaspace       used 92385K, committed 93056K, reserved 1130496K
  class space    used 12677K, committed 12992K, reserved 1048576K
}
Event: 7.739 GC heap after
{Heap after GC invocations=30 (full 0):
 garbage-first heap   total 169984K, used 80319K [0x0000000080000000, 0x0000000100000000)
  region size 1024K, 5 young (5120K), 5 survivors (5120K)
 Metaspace       used 92385K, committed 93056K, reserved 1130496K
  class space    used 12677K, committed 12992K, reserved 1048576K
}
Event: 8.063 GC heap before
{Heap before GC invocations=30 (full 0):
 garbage-first heap   total 169984K, used 134591K [0x0000000080000000, 0x0000000100000000)
  region size 1024K, 58 young (59392K), 5 survivors (5120K)
 Metaspace       used 93695K, committed 94400K, reserved 1130496K
  class space    used 12848K, committed 13184K, reserved 1048576K
}
Event: 8.068 GC heap after
{Heap after GC invocations=31 (full 0):
 garbage-first heap   total 169984K, used 87797K [0x0000000080000000, 0x0000000100000000)
  region size 1024K, 8 young (8192K), 8 survivors (8192K)
 Metaspace       used 93695K, committed 94400K, reserved 1130496K
  class space    used 12848K, committed 13184K, reserved 1048576K
}
Event: 8.432 GC heap before
{Heap before GC invocations=31 (full 0):
 garbage-first heap   total 169984K, used 133877K [0x0000000080000000, 0x0000000100000000)
  region size 1024K, 54 young (55296K), 8 survivors (8192K)
 Metaspace       used 95756K, committed 96448K, reserved 1138688K
  class space    used 13244K, committed 13568K, reserved 1048576K
}
Event: 8.438 GC heap after
{Heap after GC invocations=32 (full 0):
 garbage-first heap   total 169984K, used 93739K [0x0000000080000000, 0x0000000100000000)
  region size 1024K, 6 young (6144K), 6 survivors (6144K)
 Metaspace       used 95756K, committed 96448K, reserved 1138688K
  class space    used 13244K, committed 13568K, reserved 1048576K
}
Event: 8.546 GC heap before
{Heap before GC invocations=33 (full 0):
 garbage-first heap   total 184320K, used 135723K [0x0000000080000000, 0x0000000100000000)
  region size 1024K, 48 young (49152K), 6 survivors (6144K)
 Metaspace       used 96062K, committed 96768K, reserved 1138688K
  class space    used 13314K, committed 13632K, reserved 1048576K
}
Event: 8.552 GC heap after
{Heap after GC invocations=34 (full 0):
 garbage-first heap   total 184320K, used 99018K [0x0000000080000000, 0x0000000100000000)
  region size 1024K, 6 young (6144K), 6 survivors (6144K)
 Metaspace       used 96062K, committed 96768K, reserved 1138688K
  class space    used 13314K, committed 13632K, reserved 1048576K
}
Event: 8.562 GC heap before
{Heap before GC invocations=34 (full 0):
 garbage-first heap   total 184320K, used 101066K [0x0000000080000000, 0x0000000100000000)
  region size 1024K, 9 young (9216K), 6 survivors (6144K)
 Metaspace       used 96065K, committed 96768K, reserved 1138688K
  class space    used 13314K, committed 13632K, reserved 1048576K
}
Event: 8.565 GC heap after
{Heap after GC invocations=35 (full 0):
 garbage-first heap   total 184320K, used 98819K [0x0000000080000000, 0x0000000100000000)
  region size 1024K, 2 young (2048K), 2 survivors (2048K)
 Metaspace       used 96065K, committed 96768K, reserved 1138688K
  class space    used 13314K, committed 13632K, reserved 1048576K
}
Event: 8.740 GC heap before
{Heap before GC invocations=35 (full 0):
 garbage-first heap   total 184320K, used 146947K [0x0000000080000000, 0x0000000100000000)
  region size 1024K, 50 young (51200K), 2 survivors (2048K)
 Metaspace       used 96445K, committed 97152K, reserved 1138688K
  class space    used 13358K, committed 13696K, reserved 1048576K
}

