# JRE version: OpenJDK Runtime Environment (17.0.6) (build 17.0.6+0-b2043.56-10027231)
# Java VM: OpenJDK 64-Bit Server VM (17.0.6+0-b2043.56-10027231, mixed mode, tiered, compressed oops, compressed class ptrs, g1 gc, windows-amd64)
GC Precious Log:
 CPUs: 12 total, 12 available
 Memory: 16163M
 Large Page Support: Disabled
 NUMA Support: Disabled
 Compressed Oops: Enabled (32-bit)
 Heap Region Size: 1M
 Heap Min Capacity: 8M
 Heap Initial Capacity: 254M
 Heap Max Capacity: 2G
 Pre-touch: Disabled
 Parallel Workers: 10
 Concurrent Workers: 3
 Concurrent Refinement Workers: 10
 Periodic GC: Disabled
Heap:
 garbage-first heap   total 260096K, used 148380K [0x0000000080000000, 0x0000000100000000)
  region size 1024K, 6 young (6144K), 6 survivors (6144K)
 Metaspace       used 105787K, committed 106624K, reserved 1146880K
  class space    used 14501K, committed 14912K, reserved 1048576K
GC Heap History (20 events):
Event: 7.952 GC heap after
{Heap after GC invocations=22 (full 0):
 garbage-first heap   total 182272K, used 79625K [0x0000000080000000, 0x0000000100000000)
  region size 1024K, 8 young (8192K), 8 survivors (8192K)
 Metaspace       used 89013K, committed 89664K, reserved 1130496K
  class space    used 12245K, committed 12544K, reserved 1048576K
}
Event: 7.999 GC heap before
{Heap before GC invocations=22 (full 0):
 garbage-first heap   total 182272K, used 83721K [0x0000000080000000, 0x0000000100000000)
  region size 1024K, 13 young (13312K), 8 survivors (8192K)
 Metaspace       used 89457K, committed 90048K, reserved 1130496K
  class space    used 12304K, committed 12608K, reserved 1048576K
}
Event: 8.003 GC heap after
{Heap after GC invocations=23 (full 0):
 garbage-first heap   total 182272K, used 80417K [0x0000000080000000, 0x0000000100000000)
  region size 1024K, 6 young (6144K), 6 survivors (6144K)
 Metaspace       used 89457K, committed 90048K, reserved 1130496K
  class space    used 12304K, committed 12608K, reserved 1048576K
}
Event: 8.557 GC heap before
{Heap before GC invocations=24 (full 0):
 garbage-first heap   total 182272K, used 141857K [0x0000000080000000, 0x0000000100000000)
  region size 1024K, 67 young (68608K), 6 survivors (6144K)
 Metaspace       used 93599K, committed 94208K, reserved 1130496K
  class space    used 12833K, committed 13120K, reserved 1048576K
}
Event: 8.563 GC heap after
{Heap after GC invocations=25 (full 0):
 garbage-first heap   total 219136K, used 86757K [0x0000000080000000, 0x0000000100000000)
  region size 1024K, 8 young (8192K), 8 survivors (8192K)
 Metaspace       used 93599K, committed 94208K, reserved 1130496K
  class space    used 12833K, committed 13120K, reserved 1048576K
}
Event: 8.571 GC heap before
{Heap before GC invocations=25 (full 0):
 garbage-first heap   total 219136K, used 88805K [0x0000000080000000, 0x0000000100000000)
  region size 1024K, 10 young (10240K), 8 survivors (8192K)
 Metaspace       used 93603K, committed 94208K, reserved 1130496K
  class space    used 12834K, committed 13120K, reserved 1048576K
}
Event: 8.575 GC heap after
{Heap after GC invocations=26 (full 0):
 garbage-first heap   total 219136K, used 86974K [0x0000000080000000, 0x0000000100000000)
  region size 1024K, 2 young (2048K), 2 survivors (2048K)
 Metaspace       used 93603K, committed 94208K, reserved 1130496K
  class space    used 12834K, committed 13120K, reserved 1048576K
}
Event: 9.063 GC heap before
{Heap before GC invocations=26 (full 0):
 garbage-first heap   total 219136K, used 171966K [0x0000000080000000, 0x0000000100000000)
  region size 1024K, 85 young (87040K), 2 survivors (2048K)
 Metaspace       used 95984K, committed 96704K, reserved 1138688K
  class space    used 13296K, committed 13632K, reserved 1048576K
}
Event: 9.070 GC heap after
{Heap after GC invocations=27 (full 0):
 garbage-first heap   total 219136K, used 97717K [0x0000000080000000, 0x0000000100000000)
  region size 1024K, 11 young (11264K), 11 survivors (11264K)
 Metaspace       used 95984K, committed 96704K, reserved 1138688K
  class space    used 13296K, committed 13632K, reserved 1048576K
}
Event: 9.259 GC heap before
{Heap before GC invocations=27 (full 0):
 garbage-first heap   total 219136K, used 168373K [0x0000000080000000, 0x0000000100000000)
  region size 1024K, 81 young (82944K), 11 survivors (11264K)
 Metaspace       used 96348K, committed 97024K, reserved 1138688K
  class space    used 13321K, committed 13632K, reserved 1048576K
}
Event: 9.265 GC heap after
{Heap after GC invocations=28 (full 0):
 garbage-first heap   total 219136K, used 102686K [0x0000000080000000, 0x0000000100000000)
  region size 1024K, 7 young (7168K), 7 survivors (7168K)
 Metaspace       used 96348K, committed 97024K, reserved 1138688K
  class space    used 13321K, committed 13632K, reserved 1048576K
}
Event: 9.517 GC heap before
{Heap before GC invocations=28 (full 0):
 garbage-first heap   total 219136K, used 171294K [0x0000000080000000, 0x0000000100000000)
  region size 1024K, 75 young (76800K), 7 survivors (7168K)
 Metaspace       used 96899K, committed 97600K, reserved 1138688K
  class space    used 13375K, committed 13696K, reserved 1048576K
}
Event: 9.522 GC heap after
{Heap after GC invocations=29 (full 0):
 garbage-first heap   total 219136K, used 107807K [0x0000000080000000, 0x0000000100000000)
  region size 1024K, 7 young (7168K), 7 survivors (7168K)
 Metaspace       used 96899K, committed 97600K, reserved 1138688K
  class space    used 13375K, committed 13696K, reserved 1048576K
}
Event: 9.932 GC heap before
{Heap before GC invocations=29 (full 0):
 garbage-first heap   total 219136K, used 174367K [0x0000000080000000, 0x0000000100000000)
  region size 1024K, 72 young (73728K), 7 survivors (7168K)
 Metaspace       used 97870K, committed 98560K, reserved 1138688K
  class space    used 13508K, committed 13824K, reserved 1048576K
}
Event: 9.937 GC heap after
{Heap after GC invocations=30 (full 0):
 garbage-first heap   total 219136K, used 111152K [0x0000000080000000, 0x0000000100000000)
  region size 1024K, 6 young (6144K), 6 survivors (6144K)
 Metaspace       used 97870K, committed 98560K, reserved 1138688K
  class space    used 13508K, committed 13824K, reserved 1048576K
}
Event: 10.374 GC heap before
{Heap before GC invocations=30 (full 0):
 garbage-first heap   total 219136K, used 175664K [0x0000000080000000, 0x0000000100000000)
  region size 1024K, 70 young (71680K), 6 survivors (6144K)
 Metaspace       used 100899K, committed 101632K, reserved 1138688K
  class space    used 13873K, committed 14208K, reserved 1048576K
}
Event: 10.380 GC heap after
{Heap after GC invocations=31 (full 0):
 garbage-first heap   total 219136K, used 116570K [0x0000000080000000, 0x0000000100000000)
  region size 1024K, 7 young (7168K), 7 survivors (7168K)
 Metaspace       used 100899K, committed 101632K, reserved 1138688K
  class space    used 13873K, committed 14208K, reserved 1048576K
}
Event: 10.727 GC heap before
{Heap before GC invocations=31 (full 0):
 garbage-first heap   total 219136K, used 189274K [0x0000000080000000, 0x0000000100000000)
  region size 1024K, 67 young (68608K), 7 survivors (7168K)
 Metaspace       used 104794K, committed 105536K, reserved 1146880K
  class space    used 14363K, committed 14720K, reserved 1048576K
}
Event: 10.733 GC heap after
{Heap after GC invocations=32 (full 0):
 garbage-first heap   total 219136K, used 137739K [0x0000000080000000, 0x0000000100000000)
  region size 1024K, 9 young (9216K), 9 survivors (9216K)
 Metaspace       used 104794K, committed 105536K, reserved 1146880K
  class space    used 14363K, committed 14720K, reserved 1048576K
}
Event: 10.783 GC heap before
{Heap before GC invocations=32 (full 0):
 garbage-first heap   total 219136K, used 161291K [0x0000000080000000, 0x0000000100000000)
  region size 1024K, 24 young (24576K), 9 survivors (9216K)
 Metaspace       used 105787K, committed 106624K, reserved 1146880K
  class space    used 14501K, committed 14912K, reserved 1048576K
}

